date , cs-uri-stem , num-hits
2025-04-01 , /page , 276357
2025-04-01 , /pagesummary , 221550
2025-04-01 , /pagethumb , 76785
2025-04-01 , /item , 59681
2025-04-01 , /pagetext , 42672
2025-04-01 , /bibliography , 35425
2025-04-01 , /name , 32790
2025-04-01 , /part , 32315
2025-04-01 , /creator , 27683
2025-04-01 , /openurl , 23419
2025-04-01 , /api3 , 22608
2025-04-01 , /subject , 12060
2025-04-01 , /namelistdownload , 10545
2025-04-01 , /search , 8881
2025-04-01 , /browse , 5776
2025-04-01 , / , 5764
2025-04-01 , /itempdf , 4063
2025-04-01 , /namelist , 3261
2025-04-01 , /partpdf , 2688
2025-04-01 , /DLIndexBrowse.aspx , 2568
2025-04-01 , /ia , 2503
2025-04-01 , /api2 , 2319
2025-04-01 , /error , 1491
2025-04-01 , /itemdetails , 1358
2025-04-01 , /content , 1337
2025-04-01 , /itemimages , 1271
2025-04-01 , /itemtext , 1239
2025-04-01 , /wp-content , 1050
2025-04-01 , /robots.txt , 1015
2025-04-02 , /pagesummary , 203724
2025-04-02 , /page , 186848
2025-04-02 , /pagethumb , 67417
2025-04-02 , /item , 61497
2025-04-02 , /bibliography , 40794
2025-04-02 , /part , 40210
2025-04-02 , /creator , 36583
2025-04-02 , /name , 33477
2025-04-02 , /api3 , 23431
2025-04-02 , /subject , 12756
2025-04-02 , /namelistdownload , 11174
2025-04-02 , /search , 9204
2025-04-02 , /browse , 6141
2025-04-02 , / , 5047
2025-04-02 , /partpdf , 4668
2025-04-02 , /namelist , 4391
2025-04-02 , /itempdf , 3962
2025-04-02 , /openurl , 2985
2025-04-02 , /pagetext , 2670
2025-04-02 , /api2 , 2533
2025-04-02 , /ia , 2439
2025-04-02 , /DLIndexBrowse.aspx , 2056
2025-04-02 , /content , 1981
2025-04-02 , /itemimages , 1950
2025-04-02 , /itemtext , 1623
2025-04-02 , /itemdetails , 1617
2025-04-02 , /modsdownload , 1396
2025-04-02 , /error , 1043
2025-04-02 , /robots.txt , 1034
2025-04-03 , /pagetext , 1796108
2025-04-03 , /pagesummary , 198493
2025-04-03 , /page , 151066
2025-04-03 , /pagethumb , 59474
2025-04-03 , /item , 54988
2025-04-03 , /name , 49450
2025-04-03 , /bibliography , 35985
2025-04-03 , /creator , 32807
2025-04-03 , /part , 31919
2025-04-03 , /api3 , 19918
2025-04-03 , /namelistdownload , 11918
2025-04-03 , /search , 11641
2025-04-03 , /subject , 10619
2025-04-03 , /browse , 6914
2025-04-03 , / , 5363
2025-04-03 , /itempdf , 4711
2025-04-03 , /namelist , 4224
2025-04-03 , /partpdf , 3874
2025-04-03 , /openurl , 3768
2025-04-03 , /ia , 2890
2025-04-03 , /DLIndexBrowse.aspx , 2583
2025-04-03 , /content , 2446
2025-04-03 , /itemimages , 2257
2025-04-03 , /itemtext , 2069
2025-04-03 , /modsdownload , 1638
2025-04-03 , /api2 , 1419
2025-04-03 , /error , 1398
2025-04-03 , /itemdetails , 1299
2025-04-03 , /namedetail , 1248
2025-04-03 , /robots.txt , 1193
2025-04-04 , /pagetext , 1336018
2025-04-04 , /page , 184583
2025-04-04 , /pagesummary , 179998
2025-04-04 , /name , 66236
2025-04-04 , /creator , 62954
2025-04-04 , /bibliography , 60096
2025-04-04 , /item , 58479
2025-04-04 , /pagethumb , 55067
2025-04-04 , /api3 , 38585
2025-04-04 , /part , 32064
2025-04-04 , /subject , 13638
2025-04-04 , /namelistdownload , 12317
2025-04-04 , /search , 12067
2025-04-04 , /browse , 7716
2025-04-04 , / , 6524
2025-04-04 , /itempdf , 4997
2025-04-04 , /namelist , 3791
2025-04-04 , /modsdownload , 3149
2025-04-04 , /partpdf , 2971
2025-04-04 , /itemimages , 2774
2025-04-04 , /itemtext , 2603
2025-04-04 , /DLIndexBrowse.aspx , 2576
2025-04-04 , /api2 , 2212
2025-04-04 , /ia , 2199
2025-04-04 , /content , 2023
2025-04-04 , /namedetail , 1646
2025-04-04 , /openurl , 1373
2025-04-04 , /itemdetails , 1253
2025-04-04 , /parttext , 1250
2025-04-04 , /robots.txt , 1094
2025-04-04 , /partimages , 1039
2025-04-05 , /page , 194517
2025-04-05 , /pagesummary , 156481
2025-04-05 , /item , 63761
2025-04-05 , /creator , 50266
2025-04-05 , /bibliography , 43387
2025-04-05 , /name , 41935
2025-04-05 , /pagethumb , 41637
2025-04-05 , /part , 37339
2025-04-05 , /subject , 17618
2025-04-05 , /api3 , 16118
2025-04-05 , /search , 11749
2025-04-05 , /namelistdownload , 11654
2025-04-05 , /openurl , 10351
2025-04-05 , /itempdf , 8670
2025-04-05 , /partpdf , 6853
2025-04-05 , /browse , 6846
2025-04-05 , /modsdownload , 5226
2025-04-05 , /namelist , 4589
2025-04-05 , /api2 , 3753
2025-04-05 , / , 3288
2025-04-05 , /ia , 3208
2025-04-05 , /itemimages , 2819
2025-04-05 , /itemtext , 2680
2025-04-05 , /DLIndexBrowse.aspx , 2297
2025-04-05 , /itemdetails , 1958
2025-04-05 , /content , 1880
2025-04-05 , /pagetext , 1698
2025-04-05 , /robots.txt , 1339
2025-04-05 , /namedetail , 1280
2025-04-05 , /parttext , 1230
2025-04-06 , /pagesummary , 158241
2025-04-06 , /page , 135244
2025-04-06 , /item , 62398
2025-04-06 , /creator , 53177
2025-04-06 , /pagethumb , 46444
2025-04-06 , /name , 41555
2025-04-06 , /bibliography , 37411
2025-04-06 , /openurl , 31879
2025-04-06 , /part , 31141
2025-04-06 , /api3 , 24139
2025-04-06 , /subject , 16903
2025-04-06 , /namelistdownload , 11127
2025-04-06 , /search , 10367
2025-04-06 , /browse , 9402
2025-04-06 , /partpdf , 7160
2025-04-06 , /itempdf , 5050
2025-04-06 , /modsdownload , 4697
2025-04-06 , /namelist , 4152
2025-04-06 , / , 3698
2025-04-06 , /ia , 3628
2025-04-06 , /api2 , 3617
2025-04-06 , /itemimages , 2813
2025-04-06 , /itemdetails , 2618
2025-04-06 , /itemtext , 2448
2025-04-06 , /pagetext , 2340
2025-04-06 , /DLIndexBrowse.aspx , 2055
2025-04-06 , /content , 1479
2025-04-06 , /namedetail , 1319
2025-04-06 , /robots.txt , 1281
2025-04-07 , /pagesummary , 215287
2025-04-07 , /page , 152992
2025-04-07 , /pagethumb , 66906
2025-04-07 , /openurl , 65282
2025-04-07 , /item , 55886
2025-04-07 , /creator , 46150
2025-04-07 , /name , 41193
2025-04-07 , /bibliography , 34829
2025-04-07 , /part , 32536
2025-04-07 , /subject , 14824
2025-04-07 , /browse , 14263
2025-04-07 , /search , 11321
2025-04-07 , /api2 , 10985
2025-04-07 , /namelistdownload , 10027
2025-04-07 , /api3 , 9887
2025-04-07 , / , 4991
2025-04-07 , /modsdownload , 4886
2025-04-07 , /itempdf , 4647
2025-04-07 , /namelist , 4151
2025-04-07 , /ia , 4067
2025-04-07 , /partpdf , 2850
2025-04-07 , /DLIndexBrowse.aspx , 2529
2025-04-07 , /itemimages , 2244
2025-04-07 , /pagetext , 2195
2025-04-07 , /itemdetails , 2021
2025-04-07 , /itemtext , 1893
2025-04-07 , /partimages , 1410
2025-04-07 , /parttext , 1388
2025-04-07 , /namedetail , 1278
2025-04-07 , /content , 1260
2025-04-07 , /robots.txt , 1255
2025-04-07 , /handlers , 1091
2025-04-08 , /pagesummary , 233286
2025-04-08 , /page , 161588
2025-04-08 , /pagethumb , 72193
2025-04-08 , /item , 59760
2025-04-08 , /creator , 40896
2025-04-08 , /name , 40162
2025-04-08 , /bibliography , 36970
2025-04-08 , /part , 34418
2025-04-08 , /api3 , 20784
2025-04-08 , /openurl , 19523
2025-04-08 , /subject , 16892
2025-04-08 , /partpdf , 10424
2025-04-08 , /namelistdownload , 9938
2025-04-08 , /search , 7772
2025-04-08 , /browse , 6150
2025-04-08 , /modsdownload , 5662
2025-04-08 , / , 5000
2025-04-08 , /ia , 4219
2025-04-08 , /namelist , 4185
2025-04-08 , /api2 , 4171
2025-04-08 , /error , 3257
2025-04-08 , /itempdf , 3186
2025-04-08 , /itemdetails , 2144
2025-04-08 , /pagetext , 2077
2025-04-08 , /DLIndexBrowse.aspx , 2021
2025-04-08 , /content , 1667
2025-04-08 , /parttext , 1591
2025-04-08 , /robots.txt , 1344
2025-04-08 , /partimages , 1322
2025-04-08 , /namedetail , 1052
2025-04-09 , /pagesummary , 245149
2025-04-09 , /page , 187408
2025-04-09 , /pagetext , 80286
2025-04-09 , /pagethumb , 74871
2025-04-09 , /item , 64126
2025-04-09 , /bibliography , 49834
2025-04-09 , /api3 , 45884
2025-04-09 , /creator , 44585
2025-04-09 , /part , 40869
2025-04-09 , /name , 37190
2025-04-09 , /openurl , 23311
2025-04-09 , /subject , 15177
2025-04-09 , /partpdf , 11403
2025-04-09 , /search , 9484
2025-04-09 , /namelistdownload , 9335
2025-04-09 , /browse , 8826
2025-04-09 , / , 5260
2025-04-09 , /namelist , 5144
2025-04-09 , /api2 , 5031
2025-04-09 , /ia , 4224
2025-04-09 , /modsdownload , 4119
2025-04-09 , /itempdf , 3666
2025-04-09 , /itemdetails , 2923
2025-04-09 , /DLIndexBrowse.aspx , 2170
2025-04-09 , /parttext , 1891
2025-04-09 , /content , 1783
2025-04-09 , /error , 1459
2025-04-09 , /partimages , 1437
2025-04-09 , /robots.txt , 1264
2025-04-09 , /namedetail , 1138
2025-04-09 , /pagenotfound , 1122
2025-04-09 , /itemimages , 1121
2025-04-10 , /pagesummary , 228002
2025-04-10 , /page , 167757
2025-04-10 , /bibliography , 68488
2025-04-10 , /pagethumb , 67771
2025-04-10 , /item , 59729
2025-04-10 , /creator , 53294
2025-04-10 , /api3 , 41779
2025-04-10 , /part , 40405
2025-04-10 , /name , 32582
2025-04-10 , /openurl , 29170
2025-04-10 , /partpdf , 16407
2025-04-10 , /subject , 11202
2025-04-10 , /namelistdownload , 10493
2025-04-10 , /search , 10272
2025-04-10 , /browse , 8091
2025-04-10 , /api2 , 5357
2025-04-10 , / , 4931
2025-04-10 , /namelist , 3944
2025-04-10 , /itempdf , 3897
2025-04-10 , /ia , 3639
2025-04-10 , /pagetext , 2884
2025-04-10 , /modsdownload , 2289
2025-04-10 , /itemdetails , 2068
2025-04-10 , /content , 1973
2025-04-10 , /DLIndexBrowse.aspx , 1654
2025-04-10 , /itemimages , 1522
2025-04-10 , /parttext , 1322
2025-04-10 , /namedetail , 1288
2025-04-10 , /robots.txt , 1200
2025-04-10 , /itemtext , 1190
2025-04-10 , /pagenotfound , 1131
2025-04-10 , /partimages , 1083
2025-04-11 , /pagesummary , 217521
2025-04-11 , /page , 180839
2025-04-11 , /item , 90027
2025-04-11 , /bibliography , 60639
2025-04-11 , /pagethumb , 57106
2025-04-11 , /creator , 43836
2025-04-11 , /part , 42965
2025-04-11 , /name , 34610
2025-04-11 , /api3 , 30374
2025-04-11 , /openurl , 24995
2025-04-11 , /partpdf , 21320
2025-04-11 , /browse , 13345
2025-04-11 , /subject , 10822
2025-04-11 , /namelistdownload , 10802
2025-04-11 , /search , 8743
2025-04-11 , / , 4932
2025-04-11 , /api2 , 4307
2025-04-11 , /namelist , 4224
2025-04-11 , /ia , 4143
2025-04-11 , /itempdf , 3687
2025-04-11 , /pagetext , 2583
2025-04-11 , /itemdetails , 2029
2025-04-11 , /modsdownload , 1928
2025-04-11 , /DLIndexBrowse.aspx , 1850
2025-04-11 , /content , 1592
2025-04-11 , /itemimages , 1411
2025-04-11 , /itemtext , 1301
2025-04-11 , /namedetail , 1281
2025-04-11 , /parttext , 1231
2025-04-11 , /robots.txt , 1183
2025-04-12 , /pagesummary , 177132
2025-04-12 , /page , 131546
2025-04-12 , /item , 91504
2025-04-12 , /bibliography , 71066
2025-04-12 , /pagethumb , 40237
2025-04-12 , /creator , 35370
2025-04-12 , /openurl , 34143
2025-04-12 , /name , 34082
2025-04-12 , /part , 32308
2025-04-12 , /api3 , 28023
2025-04-12 , /partpdf , 23564
2025-04-12 , /namelistdownload , 12290
2025-04-12 , /subject , 12116
2025-04-12 , /search , 6657
2025-04-12 , /browse , 5125
2025-04-12 , /api2 , 4564
2025-04-12 , / , 3784
2025-04-12 , /namelist , 3732
2025-04-12 , /itempdf , 3484
2025-04-12 , /ia , 3157
2025-04-12 , /DLIndexBrowse.aspx , 2832
2025-04-12 , /modsdownload , 2133
2025-04-12 , /itemdetails , 1658
2025-04-12 , /pagetext , 1289
2025-04-12 , /content , 1285
2025-04-12 , /robots.txt , 1232
2025-04-12 , /error , 1022
2025-04-13 , /pagesummary , 180254
2025-04-13 , /page , 145647
2025-04-13 , /item , 58142
2025-04-13 , /pagethumb , 45556
2025-04-13 , /creator , 39253
2025-04-13 , /part , 37351
2025-04-13 , /bibliography , 36668
2025-04-13 , /api3 , 34635
2025-04-13 , /name , 28179
2025-04-13 , /openurl , 13061
2025-04-13 , /namelistdownload , 10010
2025-04-13 , /subject , 9952
2025-04-13 , /search , 7702
2025-04-13 , /partpdf , 7663
2025-04-13 , /browse , 6392
2025-04-13 , / , 4113
2025-04-13 , /api2 , 3784
2025-04-13 , /namelist , 3772
2025-04-13 , /ia , 3303
2025-04-13 , /itempdf , 2811
2025-04-13 , /DLIndexBrowse.aspx , 1906
2025-04-13 , /itemdetails , 1894
2025-04-13 , /modsdownload , 1762
2025-04-13 , /pagetext , 1728
2025-04-13 , /namedetail , 1197
2025-04-13 , /itemimages , 1158
2025-04-13 , /robots.txt , 1158
2025-04-14 , /pagesummary , 242055
2025-04-14 , /page , 156134
2025-04-14 , /item , 59380
2025-04-14 , /pagethumb , 59082
2025-04-14 , /name , 44089
2025-04-14 , /bibliography , 39691
2025-04-14 , /creator , 38365
2025-04-14 , /api3 , 30438
2025-04-14 , /part , 29123
2025-04-14 , /openurl , 21199
2025-04-14 , /subject , 11454
2025-04-14 , /search , 10600
2025-04-14 , /namelistdownload , 10074
2025-04-14 , /itempdf , 8177
2025-04-14 , /namelist , 4853
2025-04-14 , / , 4772
2025-04-14 , /partpdf , 4688
2025-04-14 , /ia , 4548
2025-04-14 , /browse , 4426
2025-04-14 , /pagetext , 2785
2025-04-14 , /api2 , 2229
2025-04-14 , /itemimages , 1954
2025-04-14 , /modsdownload , 1834
2025-04-14 , /DLIndexBrowse.aspx , 1606
2025-04-14 , /itemtext , 1526
2025-04-14 , /itemdetails , 1479
2025-04-14 , /namedetail , 1308
2025-04-14 , /content , 1266
2025-04-14 , /robots.txt , 1145
2025-04-15 , /pagesummary , 245747
2025-04-15 , /page , 152647
2025-04-15 , /pagethumb , 69027
2025-04-15 , /item , 48266
2025-04-15 , /bibliography , 31289
2025-04-15 , /api3 , 26226
2025-04-15 , /part , 25765
2025-04-15 , /creator , 25001
2025-04-15 , /name , 22509
2025-04-15 , /openurl , 18673
2025-04-15 , /itempdf , 12015
2025-04-15 , /search , 11064
2025-04-15 , /subject , 7505
2025-04-15 , /browse , 7431
2025-04-15 , / , 5400
2025-04-15 , /namelist , 5133
2025-04-15 , /partpdf , 4549
2025-04-15 , /namelistdownload , 4249
2025-04-15 , /itemimages , 2924
2025-04-15 , /ia , 2443
2025-04-15 , /pagetext , 2312
2025-04-15 , /itemtext , 1997
2025-04-15 , /namedetail , 1619
2025-04-15 , /itemdetails , 1612
2025-04-15 , /content , 1447
2025-04-15 , /DLIndexBrowse.aspx , 1366
2025-04-15 , /api2 , 1229
2025-04-16 , /pagesummary , 238498
2025-04-16 , /page , 182799
2025-04-16 , /pagethumb , 66694
2025-04-16 , /item , 61522
2025-04-16 , /part , 37266
2025-04-16 , /bibliography , 35005
2025-04-16 , /creator , 33667
2025-04-16 , /name , 26311
2025-04-16 , /api3 , 20062
2025-04-16 , /search , 11331
2025-04-16 , /subject , 10896
2025-04-16 , /namelistdownload , 8493
2025-04-16 , /itempdf , 7155
2025-04-16 , /browse , 6603
2025-04-16 , / , 5135
2025-04-16 , /namelist , 4973
2025-04-16 , /partpdf , 4466
2025-04-16 , /ia , 4099
2025-04-16 , /api2 , 3538
2025-04-16 , /pagetext , 3345
2025-04-16 , /openurl , 2963
2025-04-16 , /itemdetails , 1822
2025-04-16 , /DLIndexBrowse.aspx , 1757
2025-04-16 , /namedetail , 1731
2025-04-16 , /content , 1684
2025-04-16 , /pagenotfound , 1493
2025-04-16 , /itemimages , 1363
2025-04-16 , /robots.txt , 1358
2025-04-16 , /itemtext , 1331
2025-04-16 , /error , 1262
2025-04-16 , /partimages , 1121
2025-04-17 , /pagesummary , 248763
2025-04-17 , /page , 181723
2025-04-17 , /openurl , 72520
2025-04-17 , /pagethumb , 64019
2025-04-17 , /item , 59501
2025-04-17 , /part , 35026
2025-04-17 , /bibliography , 34318
2025-04-17 , /creator , 31111
2025-04-17 , /name , 29690
2025-04-17 , /api3 , 26359
2025-04-17 , /search , 12341
2025-04-17 , /namelistdownload , 11327
2025-04-17 , /subject , 10786
2025-04-17 , /api2 , 7081
2025-04-17 , /browse , 6652
2025-04-17 , /namelist , 6590
2025-04-17 , /itempdf , 5463
2025-04-17 , / , 5340
2025-04-17 , /error , 5011
2025-04-17 , /ia , 4894
2025-04-17 , /partpdf , 3306
2025-04-17 , /pagetext , 3294
2025-04-17 , /content , 1988
2025-04-17 , /DLIndexBrowse.aspx , 1795
2025-04-17 , /pagenotfound , 1642
2025-04-17 , /itemdetails , 1594
2025-04-17 , /robots.txt , 1492
2025-04-17 , /namedetail , 1474
2025-04-17 , /itemimages , 1392
2025-04-17 , /partimages , 1269
2025-04-17 , /modsdownload , 1243
2025-04-17 , /itemtext , 1238
2025-04-17 , /parttext , 1092
2025-04-17 , /collection , 1024
2025-04-18 , /pagesummary , 243043
2025-04-18 , /page , 204901
2025-04-18 , /item , 56635
2025-04-18 , /pagethumb , 55275
2025-04-18 , /openurl , 49944
2025-04-18 , /creator , 35917
2025-04-18 , /api3 , 31823
2025-04-18 , /name , 30096
2025-04-18 , /part , 29551
2025-04-18 , /bibliography , 29357
2025-04-18 , /namelistdownload , 14552
2025-04-18 , /browse , 13085
2025-04-18 , /search , 11703
2025-04-18 , /subject , 11596
2025-04-18 , /namelist , 9736
2025-04-18 , /api2 , 6231
2025-04-18 , /ia , 4770
2025-04-18 , /itempdf , 4722
2025-04-18 , / , 4573
2025-04-18 , /partpdf , 2775
2025-04-18 , /pagetext , 2657
2025-04-18 , /content , 2183
2025-04-18 , /itemdetails , 2161
2025-04-18 , /namedetail , 1754
2025-04-18 , /pagenotfound , 1532
2025-04-18 , /error , 1350
2025-04-18 , /DLIndexBrowse.aspx , 1325
2025-04-18 , /robots.txt , 1321
2025-04-18 , /itemtext , 1288
2025-04-18 , /modsdownload , 1273
2025-04-18 , /itemimages , 1199
2025-04-18 , /parttext , 1086
2025-04-19 , /pagesummary , 225608
2025-04-19 , /page , 179725
2025-04-19 , /item , 70700
2025-04-19 , /creator , 55281
2025-04-19 , /name , 44080
2025-04-19 , /bibliography , 39871
2025-04-19 , /pagethumb , 37284
2025-04-19 , /part , 35294
2025-04-19 , /api3 , 26624
2025-04-19 , /namelistdownload , 26294
2025-04-19 , /openurl , 20729
2025-04-19 , /subject , 17029
2025-04-19 , /browse , 15978
2025-04-19 , /namelist , 15547
2025-04-19 , /pagetext , 14904
2025-04-19 , /search , 9510
2025-04-19 , /ia , 7726
2025-04-19 , / , 5975
2025-04-19 , /oai , 5762
2025-04-19 , /itempdf , 3567
2025-04-19 , /modsdownload , 3402
2025-04-19 , /partpdf , 3287
2025-04-19 , /api2 , 3057
2025-04-19 , /itemdetails , 2686
2025-04-19 , /content , 2133
2025-04-19 , /DLIndexBrowse.aspx , 1892
2025-04-19 , /robots.txt , 1727
2025-04-19 , /namedetail , 1393
2025-04-19 , /pagenotfound , 1334
2025-04-19 , /itemimages , 1288
2025-04-19 , /itemtext , 1162
2025-04-19 , /parttext , 1151
2025-04-20 , /pagesummary , 225334
2025-04-20 , /page , 166241
2025-04-20 , /item , 70810
2025-04-20 , /creator , 50717
2025-04-20 , /pagethumb , 50149
2025-04-20 , /name , 39745
2025-04-20 , /part , 34039
2025-04-20 , /bibliography , 30647
2025-04-20 , /api3 , 24725
2025-04-20 , /namelistdownload , 20106
2025-04-20 , /subject , 15241
2025-04-20 , /namelist , 12911
2025-04-20 , /browse , 10840
2025-04-20 , /openurl , 10089
2025-04-20 , /search , 7540
2025-04-20 , /ia , 6084
2025-04-20 , / , 4110
2025-04-20 , /itempdf , 3436
2025-04-20 , /modsdownload , 2954
2025-04-20 , /partpdf , 2707
2025-04-20 , /api2 , 1904
2025-04-20 , /content , 1831
2025-04-20 , /itemdetails , 1825
2025-04-20 , /DLIndexBrowse.aspx , 1658
2025-04-20 , /robots.txt , 1207
2025-04-20 , /parttext , 1178
2025-04-20 , /pagetext , 1160
2025-04-20 , /itemimages , 1159
2025-04-21 , /pagesummary , 273648
2025-04-21 , /page , 187731
2025-04-21 , /pagethumb , 75436
2025-04-21 , /item , 69871
2025-04-21 , /name , 53773
2025-04-21 , /creator , 50690
2025-04-21 , /api3 , 40872
2025-04-21 , /partpdf , 36299
2025-04-21 , /error , 32869
2025-04-21 , /part , 32157
2025-04-21 , /bibliography , 31396
2025-04-21 , /namelistdownload , 21023
2025-04-21 , /namelist , 16852
2025-04-21 , /subject , 12451
2025-04-21 , /search , 11268
2025-04-21 , /browse , 8513
2025-04-21 , /pagetext , 7669
2025-04-21 , /api2 , 6529
2025-04-21 , /ia , 6169
2025-04-21 , / , 5629
2025-04-21 , /openurl , 4765
2025-04-21 , /itempdf , 4491
2025-04-21 , /oai , 2184
2025-04-21 , /modsdownload , 2182
2025-04-21 , /itemdetails , 1797
2025-04-21 , /DLIndexBrowse.aspx , 1772
2025-04-21 , /robots.txt , 1730
2025-04-21 , /itemtext , 1668
2025-04-21 , /itemimages , 1609
2025-04-21 , /content , 1402
2025-04-21 , /pagenotfound , 1234
2025-04-21 , /namedetail , 1139
2025-04-22 , /pagesummary , 265631
2025-04-22 , /page , 195761
2025-04-22 , /pagetext , 97113
2025-04-22 , /item , 79715
2025-04-22 , /pagethumb , 75501
2025-04-22 , /api3 , 75258
2025-04-22 , /creator , 73272
2025-04-22 , /bibliography , 63700
2025-04-22 , /openurl , 55518
2025-04-22 , /name , 53535
2025-04-22 , /part , 48911
2025-04-22 , /namelistdownload , 18459
2025-04-22 , /partpdf , 16041
2025-04-22 , /subject , 13378
2025-04-22 , /search , 12199
2025-04-22 , /error , 11875
2025-04-22 , /namelist , 10950
2025-04-22 , /api2 , 8102
2025-04-22 , / , 7122
2025-04-22 , /browse , 6271
2025-04-22 , /itempdf , 4936
2025-04-22 , /ia , 4742
2025-04-22 , /modsdownload , 2459
2025-04-22 , /itemdetails , 1964
2025-04-22 , /DLIndexBrowse.aspx , 1909
2025-04-22 , /itemimages , 1784
2025-04-22 , /itemtext , 1773
2025-04-22 , /robots.txt , 1605
2025-04-22 , /content , 1413
2025-04-22 , /namedetail , 1321
2025-04-22 , /pagenotfound , 1179
2025-04-22 , /parttext , 1001
2025-04-23 , /pagesummary , 237870
2025-04-23 , /page , 144605
2025-04-23 , /item , 102766
2025-04-23 , /pagethumb , 85777
2025-04-23 , /error , 67394
2025-04-23 , /bibliography , 59407
2025-04-23 , /part , 55686
2025-04-23 , /name , 52501
2025-04-23 , /creator , 43988
2025-04-23 , /partpdf , 33969
2025-04-23 , /openurl , 31189
2025-04-23 , /search , 26904
2025-04-23 , /namelistdownload , 17582
2025-04-23 , /subject , 17570
2025-04-23 , /api3 , 16076
2025-04-23 , /browse , 14577
2025-04-23 , /itempdf , 10167
2025-04-23 , /api2 , 8222
2025-04-23 , / , 6460
2025-04-23 , /itemimages , 5733
2025-04-23 , /itemtext , 5190
2025-04-23 , /ia , 4416
2025-04-23 , /DLIndexBrowse.aspx , 4235
2025-04-23 , /namedetail , 3828
2025-04-23 , /namelist , 3725
2025-04-23 , /modsdownload , 3596
2025-04-23 , /partimages , 2349
2025-04-23 , /itemdetails , 2132
2025-04-23 , /itemnotfound , 1670
2025-04-23 , /content , 1609
2025-04-23 , /pagetext , 1403
2025-04-23 , /robots.txt , 1396
2025-04-23 , /pagenotfound , 1360
2025-04-24 , /api3 , 626722
2025-04-24 , /pagetext , 303493
2025-04-24 , /pagesummary , 205502
2025-04-24 , /page , 126163
2025-04-24 , /item , 83833
2025-04-24 , /name , 71523
2025-04-24 , /part , 69694
2025-04-24 , /pagethumb , 66473
2025-04-24 , /search , 60330
2025-04-24 , /creator , 59713
2025-04-24 , /bibliography , 45319
2025-04-24 , /namelistdownload , 28749
2025-04-24 , /itempdf , 24120
2025-04-24 , /subject , 20143
2025-04-24 , /itemimages , 16251
2025-04-24 , /itemtext , 14428
2025-04-24 , /partpdf , 14015
2025-04-24 , /namedetail , 9251
2025-04-24 , / , 7359
2025-04-24 , /browse , 7251
2025-04-24 , /namelist , 3519
2025-04-24 , /DLIndexBrowse.aspx , 3325
2025-04-24 , /ia , 3130
2025-04-24 , /itemdetails , 2667
2025-04-24 , /openurl , 2616
2025-04-24 , /api2 , 2513
2025-04-24 , /partimages , 2374
2025-04-24 , /robots.txt , 1835
2025-04-24 , /error , 1662
2025-04-24 , /modsdownload , 1587
2025-04-24 , /parttext , 1224
2025-04-24 , /content , 1167
2025-04-25 , /api3 , 527407
2025-04-25 , /pagetext , 280304
2025-04-25 , /pagesummary , 206716
2025-04-25 , /page , 144206
2025-04-25 , /item , 93035
2025-04-25 , /name , 82272
2025-04-25 , /search , 69561
2025-04-25 , /part , 64829
2025-04-25 , /creator , 64343
2025-04-25 , /pagethumb , 61247
2025-04-25 , /bibliography , 50090
2025-04-25 , /namelistdownload , 33672
2025-04-25 , /subject , 26495
2025-04-25 , /itempdf , 25300
2025-04-25 , /itemimages , 19955
2025-04-25 , /itemtext , 18206
2025-04-25 , /partpdf , 14742
2025-04-25 , /namedetail , 14246
2025-04-25 , /browse , 13890
2025-04-25 , / , 7577
2025-04-25 , /DLIndexBrowse.aspx , 4690
2025-04-25 , /csldownload , 4224
2025-04-25 , /collection , 4097
2025-04-25 , /openurl , 3850
2025-04-25 , /risdownload , 3820
2025-04-25 , /bibtexdownload , 3602
2025-04-25 , /itemdetails , 3426
2025-04-25 , /ia , 3324
2025-04-25 , /modsdownload , 2830
2025-04-25 , /api2 , 2796
2025-04-25 , /namelist , 2563
2025-04-25 , /robots.txt , 1949
2025-04-25 , /pagenotfound , 1651
2025-04-25 , /partimages , 1601
2025-04-25 , /parttext , 1281
2025-04-25 , /error , 1171
2025-04-25 , /content , 1142
2025-04-26 , /pagesummary , 146714
2025-04-26 , /page , 124706
2025-04-26 , /openurl , 104133
2025-04-26 , /item , 97397
2025-04-26 , /part , 68575
2025-04-26 , /name , 66675
2025-04-26 , /bibliography , 55468
2025-04-26 , /creator , 53591
2025-04-26 , /search , 46235
2025-04-26 , /pagethumb , 43053
2025-04-26 , /api3 , 35552
2025-04-26 , /browse , 34154
2025-04-26 , /namelistdownload , 25167
2025-04-26 , /itempdf , 24163
2025-04-26 , /subject , 19766
2025-04-26 , /partpdf , 15778
2025-04-26 , /itemimages , 14460
2025-04-26 , /api2 , 14240
2025-04-26 , /pagetext , 14059
2025-04-26 , /itemtext , 12645
2025-04-26 , /namedetail , 9277
2025-04-26 , / , 4481
2025-04-26 , /DLIndexBrowse.aspx , 3096
2025-04-26 , /ia , 2925
2025-04-26 , /namelist , 2891
2025-04-26 , /itemdetails , 2540
2025-04-26 , /collection , 1671
2025-04-26 , /pagenotfound , 1544
2025-04-26 , /robots.txt , 1501
2025-04-26 , /risdownload , 1255
2025-04-26 , /bibtexdownload , 1231
2025-04-26 , /parttext , 1129
2025-04-26 , /content , 1028
2025-04-27 , /pagesummary , 158029
2025-04-27 , /page , 109972
2025-04-27 , /api3 , 62962
2025-04-27 , /item , 56163
2025-04-27 , /bibliography , 44731
2025-04-27 , /pagethumb , 40027
2025-04-27 , /part , 36393
2025-04-27 , /name , 34048
2025-04-27 , /creator , 31401
2025-04-27 , /openurl , 28862
2025-04-27 , /itempdf , 24384
2025-04-27 , /search , 14371
2025-04-27 , /pagetext , 13947
2025-04-27 , /namelistdownload , 13282
2025-04-27 , /partpdf , 12974
2025-04-27 , /subject , 11886
2025-04-27 , /browse , 5905
2025-04-27 , /api2 , 4671
2025-04-27 , /namelist , 3871
2025-04-27 , /itemtext , 3729
2025-04-27 , /itemimages , 3594
2025-04-27 , / , 3579
2025-04-27 , /ia , 3302
2025-04-27 , /namedetail , 2205
2025-04-27 , /itemdetails , 1824
2025-04-27 , /robots.txt , 1680
2025-04-27 , /DLIndexBrowse.aspx , 1502
2025-04-27 , /pagenotfound , 1334
2025-04-27 , /content , 1011
2025-04-28 , /pagesummary , 193244
2025-04-28 , /page , 135419
2025-04-28 , /openurl , 107747
2025-04-28 , /pagethumb , 64225
2025-04-28 , /item , 59365
2025-04-28 , /part , 42586
2025-04-28 , /creator , 39668
2025-04-28 , /bibliography , 32734
2025-04-28 , /name , 31846
2025-04-28 , /api3 , 21400
2025-04-28 , /search , 14953
2025-04-28 , /namelistdownload , 13171
2025-04-28 , /api2 , 13073
2025-04-28 , /subject , 12403
2025-04-28 , /itempdf , 9526
2025-04-28 , /browse , 6686
2025-04-28 , /partpdf , 4827
2025-04-28 , / , 4483
2025-04-28 , /namelist , 4161
2025-04-28 , /ia , 3948
2025-04-28 , /itemimages , 3796
2025-04-28 , /itemtext , 3488
2025-04-28 , /pagetext , 2403
2025-04-28 , /itemdetails , 2327
2025-04-28 , /namedetail , 2238
2025-04-28 , /DLIndexBrowse.aspx , 1710
2025-04-28 , /content , 1352
2025-04-28 , /pagenotfound , 1308
2025-04-28 , /robots.txt , 1305
2025-04-28 , /parttext , 1253
2025-04-29 , /pagesummary , 215615
2025-04-29 , /openurl , 145840
2025-04-29 , /pagethumb , 120832
2025-04-29 , /page , 100650
2025-04-29 , /bibliography , 52280
2025-04-29 , /item , 49903
2025-04-29 , /part , 46043
2025-04-29 , /name , 37438
2025-04-29 , /creator , 30812
2025-04-29 , /api3 , 24386
2025-04-29 , /search , 20407
2025-04-29 , /namelistdownload , 17803
2025-04-29 , /api2 , 17277
2025-04-29 , /subject , 12437
2025-04-29 , /itempdf , 6300
2025-04-29 , /browse , 5315
2025-04-29 , / , 4940
2025-04-29 , /partpdf , 4813
2025-04-29 , /namelist , 4766
2025-04-29 , /itemimages , 4062
2025-04-29 , /ia , 3835
2025-04-29 , /itemtext , 3745
2025-04-29 , /namedetail , 3279
2025-04-29 , /DLIndexBrowse.aspx , 2089
2025-04-29 , /itemdetails , 1959
2025-04-29 , /pagetext , 1884
2025-04-29 , /handlers , 1366
2025-04-29 , /content , 1299
2025-04-29 , /wp-admin , 1286
2025-04-29 , /pagenotfound , 1254
2025-04-29 , /robots.txt , 1216
2025-04-30 , /pagesummary , 198918
2025-04-30 , /page , 109719
2025-04-30 , /openurl , 76038
2025-04-30 , /pagethumb , 66579
2025-04-30 , /item , 64251
2025-04-30 , /part , 47055
2025-04-30 , /creator , 41384
2025-04-30 , /name , 40429
2025-04-30 , /bibliography , 35583
2025-04-30 , /api3 , 32544
2025-04-30 , /search , 18809
2025-04-30 , /namelistdownload , 18739
2025-04-30 , /subject , 13790
2025-04-30 , /api2 , 9952
2025-04-30 , /itempdf , 9409
2025-04-30 , /itemimages , 6275
2025-04-30 , /itemtext , 6088
2025-04-30 , /partpdf , 5865
2025-04-30 , / , 5687
2025-04-30 , /browse , 4975
2025-04-30 , /namelist , 4784
2025-04-30 , /ia , 4049
2025-04-30 , /namedetail , 3166
2025-04-30 , /DLIndexBrowse.aspx , 2469
2025-04-30 , /pagetext , 2276
2025-04-30 , /itemdetails , 2066
2025-04-30 , /robots.txt , 1431
2025-04-30 , /parttext , 1407
2025-04-30 , /error , 1391
2025-04-30 , /pagenotfound , 1337
2025-04-30 , /partimages , 1292
2025-04-30 , /content , 1259
