date , cs-uri-stem , num-hits
2025-04-01 , /pagetext , 1746587
2025-04-01 , /pagesummary , 209430
2025-04-01 , /page , 177373
2025-04-01 , /pagethumb , 67136
2025-04-01 , /item , 49050
2025-04-01 , /bibliography , 36951
2025-04-01 , /api3 , 35620
2025-04-01 , /name , 29072
2025-04-01 , /part , 24205
2025-04-01 , /creator , 23773
2025-04-01 , /partpdf , 16064
2025-04-01 , /subject , 11495
2025-04-01 , /namelistdownload , 11167
2025-04-01 , /search , 8654
2025-04-01 , /openurl , 8179
2025-04-01 , /browse , 5515
2025-04-01 , / , 4773
2025-04-01 , /itempdf , 4053
2025-04-01 , /api2 , 2839
2025-04-01 , /DLIndexBrowse.aspx , 2298
2025-04-01 , /namelist , 1892
2025-04-01 , /ia , 1783
2025-04-01 , /itemimages , 1372
2025-04-01 , /itemdetails , 1242
2025-04-01 , /itemtext , 1160
2025-04-01 , /robots.txt , 1056
2025-04-02 , /pagesummary , 204841
2025-04-02 , /page , 183225
2025-04-02 , /pagethumb , 75001
2025-04-02 , /item , 48303
2025-04-02 , /api3 , 47521
2025-04-02 , /bibliography , 29283
2025-04-02 , /name , 28036
2025-04-02 , /creator , 27287
2025-04-02 , /part , 24895
2025-04-02 , /partpdf , 20068
2025-04-02 , /openurl , 19457
2025-04-02 , /search , 9721
2025-04-02 , /namelistdownload , 9476
2025-04-02 , /subject , 8894
2025-04-02 , /browse , 5057
2025-04-02 , / , 4391
2025-04-02 , /api2 , 3921
2025-04-02 , /error , 3916
2025-04-02 , /itempdf , 3732
2025-04-02 , /pagetext , 3475
2025-04-02 , /namelist , 2303
2025-04-02 , /DLIndexBrowse.aspx , 2074
2025-04-02 , /ia , 1529
2025-04-02 , /itemimages , 1516
2025-04-02 , /itemtext , 1388
2025-04-02 , /content , 1381
2025-04-02 , /itemdetails , 1112
2025-04-02 , /modsdownload , 1069
2025-04-03 , /pagesummary , 193602
2025-04-03 , /page , 142914
2025-04-03 , /pagethumb , 67607
2025-04-03 , /item , 55649
2025-04-03 , /name , 55644
2025-04-03 , /pagetext , 49907
2025-04-03 , /part , 35695
2025-04-03 , /creator , 34182
2025-04-03 , /api3 , 33992
2025-04-03 , /bibliography , 32733
2025-04-03 , /openurl , 29449
2025-04-03 , /partpdf , 28136
2025-04-03 , /error , 13304
2025-04-03 , /subject , 12002
2025-04-03 , /search , 11274
2025-04-03 , /namelistdownload , 10006
2025-04-03 , / , 8053
2025-04-03 , /browse , 6193
2025-04-03 , /api2 , 4995
2025-04-03 , /itempdf , 4693
2025-04-03 , /namelist , 3223
2025-04-03 , /DLIndexBrowse.aspx , 3006
2025-04-03 , /itemtext , 2251
2025-04-03 , /modsdownload , 2233
2025-04-03 , /itemimages , 2214
2025-04-03 , /content , 2150
2025-04-03 , /ia , 1969
2025-04-03 , /handlers , 1646
2025-04-03 , /itemdetails , 1467
2025-04-03 , /robots.txt , 1272
2025-04-03 , /cgi-bin , 1264
2025-04-03 , /namedetail , 1247
2025-04-03 , /scripts , 1127
2025-04-04 , /pagetext , 3153604
2025-04-04 , /pagesummary , 173435
2025-04-04 , /page , 156303
2025-04-04 , /pagethumb , 68316
2025-04-04 , /bibliography , 63721
2025-04-04 , /creator , 58905
2025-04-04 , /name , 55245
2025-04-04 , /item , 54555
2025-04-04 , /openurl , 34125
2025-04-04 , /part , 26057
2025-04-04 , /partpdf , 24625
2025-04-04 , /api3 , 24130
2025-04-04 , /subject , 13036
2025-04-04 , /search , 11739
2025-04-04 , /namelistdownload , 11363
2025-04-04 , /browse , 9610
2025-04-04 , /error , 9218
2025-04-04 , /itempdf , 5283
2025-04-04 , / , 4416
2025-04-04 , /api2 , 3615
2025-04-04 , /modsdownload , 3093
2025-04-04 , /itemimages , 2923
2025-04-04 , /itemtext , 2724
2025-04-04 , /DLIndexBrowse.aspx , 2661
2025-04-04 , /namelist , 2585
2025-04-04 , /namedetail , 1584
2025-04-04 , /content , 1567
2025-04-04 , /ia , 1313
2025-04-04 , /itemdetails , 1123
2025-04-04 , /robots.txt , 1046
2025-04-05 , /page , 147485
2025-04-05 , /pagesummary , 140325
2025-04-05 , /item , 55544
2025-04-05 , /pagethumb , 45215
2025-04-05 , /creator , 34261
2025-04-05 , /name , 34150
2025-04-05 , /bibliography , 31242
2025-04-05 , /part , 26852
2025-04-05 , /partpdf , 23302
2025-04-05 , /api3 , 14478
2025-04-05 , /namelistdownload , 12308
2025-04-05 , /search , 11780
2025-04-05 , /openurl , 11283
2025-04-05 , /subject , 10765
2025-04-05 , /browse , 8270
2025-04-05 , /itempdf , 6227
2025-04-05 , /oai , 5788
2025-04-05 , /error , 3931
2025-04-05 , / , 3386
2025-04-05 , /namelist , 3295
2025-04-05 , /itemimages , 2686
2025-04-05 , /itemtext , 2458
2025-04-05 , /DLIndexBrowse.aspx , 2313
2025-04-05 , /modsdownload , 2156
2025-04-05 , /api2 , 1956
2025-04-05 , /pagetext , 1939
2025-04-05 , /ia , 1697
2025-04-05 , /itemdetails , 1630
2025-04-05 , /namedetail , 1286
2025-04-05 , /robots.txt , 1037
2025-04-05 , /content , 1026
2025-04-06 , /pagesummary , 154886
2025-04-06 , /page , 131415
2025-04-06 , /item , 53379
2025-04-06 , /pagethumb , 49255
2025-04-06 , /creator , 35404
2025-04-06 , /name , 33824
2025-04-06 , /bibliography , 31449
2025-04-06 , /part , 26543
2025-04-06 , /partpdf , 21730
2025-04-06 , /search , 11171
2025-04-06 , /namelistdownload , 11040
2025-04-06 , /subject , 10168
2025-04-06 , /api3 , 8626
2025-04-06 , /browse , 8121
2025-04-06 , /itempdf , 4581
2025-04-06 , / , 3531
2025-04-06 , /namelist , 3124
2025-04-06 , /itemimages , 2695
2025-04-06 , /pagetext , 2640
2025-04-06 , /itemtext , 2330
2025-04-06 , /modsdownload , 2171
2025-04-06 , /ia , 2163
2025-04-06 , /DLIndexBrowse.aspx , 2125
2025-04-06 , /api2 , 2111
2025-04-06 , /error , 1973
2025-04-06 , /itemdetails , 1642
2025-04-06 , /parttext , 1249
2025-04-06 , /namedetail , 1222
2025-04-06 , /openurl , 1099
2025-04-06 , /content , 1010
2025-04-07 , /pagesummary , 195739
2025-04-07 , /page , 150255
2025-04-07 , /pagethumb , 68699
2025-04-07 , /item , 43685
2025-04-07 , /bibliography , 39063
2025-04-07 , /api3 , 34099
2025-04-07 , /name , 32207
2025-04-07 , /creator , 28288
2025-04-07 , /part , 20354
2025-04-07 , /partpdf , 18093
2025-04-07 , /search , 11317
2025-04-07 , /namelistdownload , 10461
2025-04-07 , /browse , 10028
2025-04-07 , /subject , 9258
2025-04-07 , / , 5252
2025-04-07 , /itempdf , 4498
2025-04-07 , /ia , 3008
2025-04-07 , /namelist , 2960
2025-04-07 , /openurl , 2503
2025-04-07 , /itemimages , 2260
2025-04-07 , /modsdownload , 2249
2025-04-07 , /DLIndexBrowse.aspx , 2208
2025-04-07 , /error , 1945
2025-04-07 , /itemtext , 1902
2025-04-07 , /pagetext , 1878
2025-04-07 , /api2 , 1725
2025-04-07 , /robots.txt , 1456
2025-04-07 , /itemdetails , 1424
2025-04-07 , /namedetail , 1332
2025-04-08 , /pagesummary , 203153
2025-04-08 , /page , 116512
2025-04-08 , /pagethumb , 67917
2025-04-08 , /item , 45642
2025-04-08 , /bibliography , 31004
2025-04-08 , /name , 27399
2025-04-08 , /creator , 25944
2025-04-08 , /part , 24144
2025-04-08 , /api3 , 23996
2025-04-08 , /openurl , 17742
2025-04-08 , /partpdf , 12142
2025-04-08 , /subject , 10134
2025-04-08 , /namelistdownload , 8486
2025-04-08 , /search , 8216
2025-04-08 , /browse , 5730
2025-04-08 , / , 5076
2025-04-08 , /itempdf , 3329
2025-04-08 , /namelist , 3127
2025-04-08 , /pagetext , 3071
2025-04-08 , /modsdownload , 2396
2025-04-08 , /ia , 2237
2025-04-08 , /DLIndexBrowse.aspx , 2141
2025-04-08 , /api2 , 1664
2025-04-08 , /robots.txt , 1299
2025-04-08 , /error , 1224
2025-04-08 , /itemdetails , 1185
2025-04-08 , /namedetail , 1112
2025-04-09 , /pagesummary , 218217
2025-04-09 , /page , 166360
2025-04-09 , /pagethumb , 73438
2025-04-09 , /item , 67996
2025-04-09 , /bibliography , 53598
2025-04-09 , /creator , 44967
2025-04-09 , /part , 33682
2025-04-09 , /name , 30518
2025-04-09 , /browse , 14834
2025-04-09 , /subject , 11618
2025-04-09 , /search , 9926
2025-04-09 , /api3 , 9588
2025-04-09 , /partpdf , 9155
2025-04-09 , /namelistdownload , 8596
2025-04-09 , / , 5700
2025-04-09 , /namelist , 4058
2025-04-09 , /itempdf , 3702
2025-04-09 , /openurl , 3692
2025-04-09 , /pageimage , 3529
2025-04-09 , /api2 , 3334
2025-04-09 , /pagetext , 2988
2025-04-09 , /modsdownload , 2876
2025-04-09 , /ia , 2115
2025-04-09 , /DLIndexBrowse.aspx , 1643
2025-04-09 , /itemdetails , 1522
2025-04-09 , /content , 1226
2025-04-09 , /error , 1191
2025-04-09 , /itemimages , 1177
2025-04-09 , /robots.txt , 1142
2025-04-09 , /pagenotfound , 1062
2025-04-09 , /namedetail , 1050
2025-04-09 , /itemtext , 1047
2025-04-10 , /pagesummary , 200626
2025-04-10 , /page , 170042
2025-04-10 , /pagethumb , 72658
2025-04-10 , /bibliography , 61455
2025-04-10 , /item , 53616
2025-04-10 , /creator , 50352
2025-04-10 , /name , 32471
2025-04-10 , /part , 31692
2025-04-10 , /search , 11302
2025-04-10 , /subject , 10633
2025-04-10 , /namelistdownload , 9974
2025-04-10 , /api3 , 8090
2025-04-10 , /browse , 6343
2025-04-10 , / , 4656
2025-04-10 , /itempdf , 3885
2025-04-10 , /namelist , 3523
2025-04-10 , /openurl , 3363
2025-04-10 , /ia , 3172
2025-04-10 , /modsdownload , 2891
2025-04-10 , /pagetext , 2414
2025-04-10 , /partpdf , 2320
2025-04-10 , /api2 , 2208
2025-04-10 , /content , 1795
2025-04-10 , /DLIndexBrowse.aspx , 1655
2025-04-10 , /itemdetails , 1502
2025-04-10 , /itemimages , 1498
2025-04-10 , /itemtext , 1316
2025-04-10 , /namedetail , 1261
2025-04-10 , /robots.txt , 1191
2025-04-10 , /pagenotfound , 1108
2025-04-11 , /pagesummary , 225745
2025-04-11 , /page , 139472
2025-04-11 , /pagethumb , 66764
2025-04-11 , /item , 53860
2025-04-11 , /bibliography , 35953
2025-04-11 , /creator , 27244
2025-04-11 , /part , 27092
2025-04-11 , /name , 26088
2025-04-11 , /browse , 11228
2025-04-11 , /api3 , 10573
2025-04-11 , /namelistdownload , 8850
2025-04-11 , /search , 8682
2025-04-11 , /subject , 7927
2025-04-11 , / , 4771
2025-04-11 , /openurl , 4059
2025-04-11 , /namelist , 3967
2025-04-11 , /ia , 3964
2025-04-11 , /pagetext , 3266
2025-04-11 , /itempdf , 3260
2025-04-11 , /partpdf , 2452
2025-04-11 , /modsdownload , 1840
2025-04-11 , /api2 , 1778
2025-04-11 , /DLIndexBrowse.aspx , 1744
2025-04-11 , /content , 1407
2025-04-11 , /namedetail , 1388
2025-04-11 , /itemdetails , 1285
2025-04-11 , /robots.txt , 1207
2025-04-11 , /itemimages , 1053
2025-04-12 , /pagesummary , 174992
2025-04-12 , /page , 131905
2025-04-12 , /item , 92370
2025-04-12 , /bibliography , 69830
2025-04-12 , /browse , 57073
2025-04-12 , /part , 43091
2025-04-12 , /pagethumb , 42627
2025-04-12 , /creator , 36958
2025-04-12 , /name , 24994
2025-04-12 , /api3 , 12753
2025-04-12 , /namelistdownload , 8801
2025-04-12 , /subject , 8213
2025-04-12 , /search , 7110
2025-04-12 , /oai , 5754
2025-04-12 , /partpdf , 4260
2025-04-12 , / , 3971
2025-04-12 , /namelist , 3835
2025-04-12 , /itempdf , 3694
2025-04-12 , /openurl , 3285
2025-04-12 , /ia , 2580
2025-04-12 , /DLIndexBrowse.aspx , 2160
2025-04-12 , /collection , 1872
2025-04-12 , /api2 , 1715
2025-04-12 , /modsdownload , 1708
2025-04-12 , /itemimages , 1372
2025-04-12 , /itemtext , 1168
2025-04-12 , /content , 1132
2025-04-12 , /robots.txt , 1083
2025-04-12 , /itemdetails , 1069
2025-04-13 , /pagesummary , 172688
2025-04-13 , /page , 133593
2025-04-13 , /item , 53911
2025-04-13 , /pagethumb , 45547
2025-04-13 , /creator , 38662
2025-04-13 , /bibliography , 35905
2025-04-13 , /part , 34165
2025-04-13 , /openurl , 28627
2025-04-13 , /name , 24993
2025-04-13 , /api3 , 16470
2025-04-13 , /partpdf , 16373
2025-04-13 , /namelistdownload , 11288
2025-04-13 , /subject , 9858
2025-04-13 , /search , 7542
2025-04-13 , /browse , 6467
2025-04-13 , / , 3564
2025-04-13 , /namelist , 3383
2025-04-13 , /ia , 3313
2025-04-13 , /api2 , 3113
2025-04-13 , /itempdf , 2958
2025-04-13 , /modsdownload , 1908
2025-04-13 , /DLIndexBrowse.aspx , 1664
2025-04-13 , /itemdetails , 1653
2025-04-13 , /error , 1535
2025-04-13 , /namedetail , 1186
2025-04-13 , /pagetext , 1099
2025-04-13 , /robots.txt , 1083
2025-04-13 , /itemimages , 1064
2025-04-14 , /pagesummary , 251732
2025-04-14 , /page , 148891
2025-04-14 , /pagethumb , 60281
2025-04-14 , /item , 49030
2025-04-14 , /creator , 33431
2025-04-14 , /openurl , 33278
2025-04-14 , /bibliography , 28457
2025-04-14 , /part , 28154
2025-04-14 , /name , 26474
2025-04-14 , /partpdf , 19096
2025-04-14 , /api3 , 18839
2025-04-14 , /search , 10794
2025-04-14 , /namelistdownload , 9528
2025-04-14 , /subject , 8521
2025-04-14 , /itempdf , 8213
2025-04-14 , /api2 , 8032
2025-04-14 , /namelist , 4844
2025-04-14 , / , 4512
2025-04-14 , /ia , 4371
2025-04-14 , /browse , 4079
2025-04-14 , /pagetext , 2439
2025-04-14 , /itemimages , 1851
2025-04-14 , /modsdownload , 1661
2025-04-14 , /DLIndexBrowse.aspx , 1443
2025-04-14 , /itemdetails , 1404
2025-04-14 , /itemtext , 1389
2025-04-14 , /namedetail , 1330
2025-04-14 , /content , 1219
2025-04-14 , /robots.txt , 1117
2025-04-15 , /pagesummary , 255627
2025-04-15 , /page , 177398
2025-04-15 , /openurl , 164142
2025-04-15 , /pagethumb , 71732
2025-04-15 , /item , 56766
2025-04-15 , /bibliography , 40353
2025-04-15 , /name , 40306
2025-04-15 , /part , 33327
2025-04-15 , /creator , 29862
2025-04-15 , /api2 , 24057
2025-04-15 , /partpdf , 21379
2025-04-15 , /api3 , 19396
2025-04-15 , /itempdf , 11984
2025-04-15 , /search , 11840
2025-04-15 , /subject , 9783
2025-04-15 , /browse , 8073
2025-04-15 , /namelist , 6490
2025-04-15 , / , 5069
2025-04-15 , /namelistdownload , 4557
2025-04-15 , /itemimages , 2909
2025-04-15 , /ia , 2729
2025-04-15 , /pagetext , 2185
2025-04-15 , /itemtext , 1923
2025-04-15 , /itemdetails , 1849
2025-04-15 , /namedetail , 1708
2025-04-15 , /content , 1522
2025-04-15 , /DLIndexBrowse.aspx , 1319
2025-04-15 , /error , 1168
2025-04-15 , /robots.txt , 1049
2025-04-16 , /pagesummary , 213295
2025-04-16 , /page , 177340
2025-04-16 , /pagethumb , 73888
2025-04-16 , /item , 59259
2025-04-16 , /openurl , 47518
2025-04-16 , /part , 36771
2025-04-16 , /name , 36673
2025-04-16 , /creator , 33485
2025-04-16 , /bibliography , 33290
2025-04-16 , /partpdf , 21547
2025-04-16 , /api3 , 20674
2025-04-16 , /subject , 11832
2025-04-16 , /search , 11181
2025-04-16 , /namelistdownload , 8765
2025-04-16 , /api2 , 8374
2025-04-16 , / , 7347
2025-04-16 , /itempdf , 7283
2025-04-16 , /browse , 6542
2025-04-16 , /namelist , 4376
2025-04-16 , /ia , 3566
2025-04-16 , /error , 2265
2025-04-16 , /pagetext , 2082
2025-04-16 , /itemdetails , 1702
2025-04-16 , /DLIndexBrowse.aspx , 1615
2025-04-16 , /namedetail , 1473
2025-04-16 , /pagenotfound , 1470
2025-04-16 , /content , 1336
2025-04-16 , /itemtext , 1324
2025-04-16 , /itemimages , 1292
2025-04-16 , /cgi-bin , 1237
2025-04-16 , /robots.txt , 1233
2025-04-16 , /scripts , 1097
2025-04-16 , /partimages , 1063
2025-04-17 , /pagesummary , 225010
2025-04-17 , /page , 160371
2025-04-17 , /pagethumb , 66845
2025-04-17 , /item , 57442
2025-04-17 , /part , 30779
2025-04-17 , /creator , 29338
2025-04-17 , /bibliography , 27802
2025-04-17 , /name , 26854
2025-04-17 , /partpdf , 20350
2025-04-17 , /openurl , 12335
2025-04-17 , /search , 12247
2025-04-17 , /namelistdownload , 11203
2025-04-17 , /subject , 11003
2025-04-17 , /api3 , 10344
2025-04-17 , /itempdf , 5528
2025-04-17 , /browse , 5501
2025-04-17 , / , 4927
2025-04-17 , /namelist , 4667
2025-04-17 , /ia , 4251
2025-04-17 , /api2 , 4210
2025-04-17 , /error , 4184
2025-04-17 , /content , 1672
2025-04-17 , /pagenotfound , 1565
2025-04-17 , /DLIndexBrowse.aspx , 1512
2025-04-17 , /namedetail , 1479
2025-04-17 , /modsdownload , 1422
2025-04-17 , /pagetext , 1408
2025-04-17 , /itemdetails , 1403
2025-04-17 , /itemimages , 1379
2025-04-17 , /robots.txt , 1267
2025-04-17 , /itemtext , 1162
2025-04-17 , /partimages , 1118
2025-04-17 , /parttext , 1054
2025-04-18 , /pagesummary , 189951
2025-04-18 , /page , 178220
2025-04-18 , /pagethumb , 56316
2025-04-18 , /item , 53335
2025-04-18 , /creator , 31923
2025-04-18 , /name , 29054
2025-04-18 , /bibliography , 27004
2025-04-18 , /part , 26919
2025-04-18 , /partpdf , 18107
2025-04-18 , /subject , 12702
2025-04-18 , /namelistdownload , 12311
2025-04-18 , /search , 11216
2025-04-18 , /browse , 7280
2025-04-18 , /namelist , 5241
2025-04-18 , /itempdf , 4786
2025-04-18 , / , 4576
2025-04-18 , /api2 , 4011
2025-04-18 , /ia , 3888
2025-04-18 , /error , 3413
2025-04-18 , /api3 , 3096
2025-04-18 , /openurl , 2936
2025-04-18 , /modsdownload , 2543
2025-04-18 , /namedetail , 1660
2025-04-18 , /itemdetails , 1630
2025-04-18 , /pagetext , 1601
2025-04-18 , /content , 1582
2025-04-18 , /pagenotfound , 1511
2025-04-18 , /robots.txt , 1439
2025-04-18 , /itemtext , 1346
2025-04-18 , /itemimages , 1257
2025-04-18 , /DLIndexBrowse.aspx , 1161
2025-04-19 , /pagesummary , 163092
2025-04-19 , /page , 135721
2025-04-19 , /item , 63539
2025-04-19 , /openurl , 58145
2025-04-19 , /pagethumb , 44698
2025-04-19 , /creator , 42529
2025-04-19 , /part , 29769
2025-04-19 , /name , 29609
2025-04-19 , /bibliography , 26053
2025-04-19 , /api2 , 23795
2025-04-19 , /partpdf , 18872
2025-04-19 , /namelistdownload , 15523
2025-04-19 , /subject , 13099
2025-04-19 , /search , 10068
2025-04-19 , /browse , 8907
2025-04-19 , /namelist , 5831
2025-04-19 , /ia , 5247
2025-04-19 , / , 5015
2025-04-19 , /DLIndexBrowse.aspx , 3871
2025-04-19 , /api3 , 3796
2025-04-19 , /itempdf , 3783
2025-04-19 , /error , 2368
2025-04-19 , /modsdownload , 1830
2025-04-19 , /itemdetails , 1756
2025-04-19 , /content , 1427
2025-04-19 , /namedetail , 1351
2025-04-19 , /pagenotfound , 1336
2025-04-19 , /itemtext , 1204
2025-04-19 , /itemimages , 1196
2025-04-19 , /robots.txt , 1124
2025-04-19 , /pagetext , 1079
2025-04-20 , /pagesummary , 161088
2025-04-20 , /page , 157830
2025-04-20 , /item , 70967
2025-04-20 , /pagethumb , 50975
2025-04-20 , /creator , 40740
2025-04-20 , /name , 35890
2025-04-20 , /part , 34147
2025-04-20 , /openurl , 32023
2025-04-20 , /bibliography , 29091
2025-04-20 , /api2 , 27706
2025-04-20 , /pagetext , 20040
2025-04-20 , /subject , 15723
2025-04-20 , /namelistdownload , 14352
2025-04-20 , /partpdf , 12128
2025-04-20 , /api3 , 10602
2025-04-20 , /search , 8840
2025-04-20 , /browse , 6955
2025-04-20 , /namelist , 5394
2025-04-20 , /modsdownload , 4343
2025-04-20 , /itempdf , 4135
2025-04-20 , /ia , 4088
2025-04-20 , / , 4014
2025-04-20 , /DLIndexBrowse.aspx , 3030
2025-04-20 , /itemdetails , 1818
2025-04-20 , /robots.txt , 1433
2025-04-20 , /error , 1204
2025-04-20 , /content , 1181
2025-04-20 , /itemimages , 1174
2025-04-21 , /pagesummary , 212487
2025-04-21 , /page , 184403
2025-04-21 , /pagethumb , 75292
2025-04-21 , /item , 59274
2025-04-21 , /name , 42109
2025-04-21 , /creator , 41680
2025-04-21 , /bibliography , 32466
2025-04-21 , /part , 28402
2025-04-21 , /subject , 15484
2025-04-21 , /namelistdownload , 15084
2025-04-21 , /api3 , 14133
2025-04-21 , /search , 10825
2025-04-21 , /partpdf , 10763
2025-04-21 , /error , 8032
2025-04-21 , /namelist , 7810
2025-04-21 , /browse , 6837
2025-04-21 , /api2 , 5417
2025-04-21 , / , 5365
2025-04-21 , /modsdownload , 4562
2025-04-21 , /ia , 4316
2025-04-21 , /itempdf , 4186
2025-04-21 , /openurl , 4140
2025-04-21 , /itemtext , 1835
2025-04-21 , /DLIndexBrowse.aspx , 1804
2025-04-21 , /itemimages , 1607
2025-04-21 , /itemdetails , 1503
2025-04-21 , /pagenotfound , 1255
2025-04-21 , /namedetail , 1211
2025-04-21 , /robots.txt , 1208
2025-04-21 , /pagetext , 1167
2025-04-21 , /content , 1154
2025-04-22 , /pagesummary , 244844
2025-04-22 , /api3 , 209858
2025-04-22 , /page , 168490
2025-04-22 , /creator , 66518
2025-04-22 , /pagethumb , 66314
2025-04-22 , /bibliography , 61119
2025-04-22 , /item , 60830
2025-04-22 , /name , 45386
2025-04-22 , /part , 41281
2025-04-22 , /openurl , 40769
2025-04-22 , /pagetext , 23643
2025-04-22 , /subject , 16578
2025-04-22 , /namelistdownload , 15174
2025-04-22 , /search , 12053
2025-04-22 , /api2 , 8335
2025-04-22 , /namelist , 7957
2025-04-22 , /browse , 6608
2025-04-22 , / , 6546
2025-04-22 , /partpdf , 4596
2025-04-22 , /itempdf , 4578
2025-04-22 , /ia , 4536
2025-04-22 , /modsdownload , 4352
2025-04-22 , /itemdetails , 2106
2025-04-22 , /itemtext , 1662
2025-04-22 , /itemimages , 1519
2025-04-22 , /robots.txt , 1458
2025-04-22 , /DLIndexBrowse.aspx , 1440
2025-04-22 , /namedetail , 1319
2025-04-22 , /content , 1313
2025-04-22 , /pagenotfound , 1246
2025-04-22 , /error , 1211
2025-04-23 , /pagesummary , 202882
2025-04-23 , /page , 135121
2025-04-23 , /pagethumb , 70330
2025-04-23 , /item , 64331
2025-04-23 , /openurl , 62522
2025-04-23 , /name , 44859
2025-04-23 , /part , 40506
2025-04-23 , /creator , 39282
2025-04-23 , /bibliography , 37273
2025-04-23 , /search , 26911
2025-04-23 , /api3 , 26869
2025-04-23 , /subject , 16360
2025-04-23 , /namelistdownload , 15850
2025-04-23 , /itempdf , 10059
2025-04-23 , /api2 , 8466
2025-04-23 , /browse , 7406
2025-04-23 , / , 7299
2025-04-23 , /partpdf , 6479
2025-04-23 , /itemimages , 5187
2025-04-23 , /itemtext , 4962
2025-04-23 , /ia , 4051
2025-04-23 , /namedetail , 3896
2025-04-23 , /namelist , 3224
2025-04-23 , /modsdownload , 3129
2025-04-23 , /error , 2690
2025-04-23 , /itemdetails , 2469
2025-04-23 , /partimages , 2447
2025-04-23 , /DLIndexBrowse.aspx , 2154
2025-04-23 , /itemnotfound , 1680
2025-04-23 , /pagetext , 1673
2025-04-23 , /content , 1596
2025-04-23 , /robots.txt , 1538
2025-04-23 , /pagenotfound , 1328
2025-04-23 , /cgi-bin , 1237
2025-04-23 , /scripts , 1098
2025-04-24 , /pagesummary , 211792
2025-04-24 , /page , 165856
2025-04-24 , /openurl , 124129
2025-04-24 , /item , 86629
2025-04-24 , /pagethumb , 76486
2025-04-24 , /name , 76348
2025-04-24 , /search , 60532
2025-04-24 , /creator , 59020
2025-04-24 , /part , 54261
2025-04-24 , /bibliography , 46480
2025-04-24 , /api3 , 30114
2025-04-24 , /namelistdownload , 28958
2025-04-24 , /subject , 26200
2025-04-24 , /itempdf , 22900
2025-04-24 , /itemimages , 15760
2025-04-24 , /api2 , 15056
2025-04-24 , /partpdf , 14095
2025-04-24 , /itemtext , 13986
2025-04-24 , /Search , 12587
2025-04-24 , /contact , 11360
2025-04-24 , /namedetail , 9480
2025-04-24 , /browse , 8718
2025-04-24 , / , 7150
2025-04-24 , /namelist , 6642
2025-04-24 , /ia , 4038
2025-04-24 , /advsearch , 3897
2025-04-24 , /modsdownload , 3600
2025-04-24 , /DLIndexBrowse.aspx , 3537
2025-04-24 , /itemdetails , 3042
2025-04-24 , /dlsearch.aspx , 2837
2025-04-24 , /partimages , 2357
2025-04-24 , /robots.txt , 1813
2025-04-24 , /api , 1719
2025-04-24 , /content , 1471
2025-04-24 , /error , 1428
2025-04-24 , /service , 1389
2025-04-24 , /pagetext , 1245
2025-04-24 , /generatepdf , 1225
2025-04-24 , /parttext , 1078
2025-04-25 , /api3 , 664550
2025-04-25 , /pagetext , 301464
2025-04-25 , /pagesummary , 199742
2025-04-25 , /page , 159998
2025-04-25 , /item , 101260
2025-04-25 , /openurl , 98816
2025-04-25 , /name , 82515
2025-04-25 , /search , 69306
2025-04-25 , /creator , 64376
2025-04-25 , /part , 62773
2025-04-25 , /pagethumb , 58798
2025-04-25 , /bibliography , 45646
2025-04-25 , /namelistdownload , 32381
2025-04-25 , /subject , 26629
2025-04-25 , /itempdf , 25805
2025-04-25 , /itemimages , 20671
2025-04-25 , /namedetail , 18704
2025-04-25 , /itemtext , 18150
2025-04-25 , /partpdf , 15671
2025-04-25 , /browse , 14721
2025-04-25 , /api2 , 13332
2025-04-25 , / , 7436
2025-04-25 , /collection , 7433
2025-04-25 , /Search , 7347
2025-04-25 , /contact , 7170
2025-04-25 , /itemdetails , 7153
2025-04-25 , /DLIndexBrowse.aspx , 4580
2025-04-25 , /namelist , 3899
2025-04-25 , /ia , 3720
2025-04-25 , /modsdownload , 2227
2025-04-25 , /robots.txt , 1848
2025-04-25 , /pagenotfound , 1765
2025-04-25 , /partimages , 1657
2025-04-25 , /handlers , 1393
2025-04-25 , /content , 1392
2025-04-25 , /bibtexdownload , 1378
2025-04-25 , /risdownload , 1336
2025-04-25 , /parttext , 1224
2025-04-25 , /error , 1161
2025-04-25 , /csldownload , 1101
2025-04-25 , /service , 1071
2025-04-26 , /pagesummary , 175803
2025-04-26 , /page , 163064
2025-04-26 , /item , 86462
2025-04-26 , /name , 63652
2025-04-26 , /creator , 52313
2025-04-26 , /part , 48152
2025-04-26 , /search , 46299
2025-04-26 , /bibliography , 43751
2025-04-26 , /pagethumb , 42675
2025-04-26 , /browse , 27705
2025-04-26 , /namelistdownload , 25574
2025-04-26 , /itempdf , 24608
2025-04-26 , /api3 , 21212
2025-04-26 , /subject , 19240
2025-04-26 , /openurl , 16938
2025-04-26 , /itemimages , 15085
2025-04-26 , /itemtext , 13543
2025-04-26 , /partpdf , 11172
2025-04-26 , /namedetail , 9127
2025-04-26 , /itemdetails , 6664
2025-04-26 , /oai , 5786
2025-04-26 , / , 4145
2025-04-26 , /namelist , 4117
2025-04-26 , /ia , 4050
2025-04-26 , /DLIndexBrowse.aspx , 3011
2025-04-26 , /api2 , 2178
2025-04-26 , /content , 1866
2025-04-26 , /wp-content , 1806
2025-04-26 , /collection , 1566
2025-04-26 , /pagenotfound , 1551
2025-04-26 , /robots.txt , 1400
2025-04-26 , /error , 1359
2025-04-26 , /risdownload , 1277
2025-04-26 , /bibtexdownload , 1243
2025-04-27 , /pagesummary , 176619
2025-04-27 , /page , 102088
2025-04-27 , /item , 62411
2025-04-27 , /pagethumb , 41238
2025-04-27 , /bibliography , 39724
2025-04-27 , /creator , 35783
2025-04-27 , /part , 35565
2025-04-27 , /name , 33853
2025-04-27 , /itempdf , 24147
2025-04-27 , /api3 , 18640
2025-04-27 , /api2 , 16381
2025-04-27 , /openurl , 15349
2025-04-27 , /search , 14488
2025-04-27 , /namelistdownload , 13639
2025-04-27 , /subject , 11102
2025-04-27 , /partpdf , 11006
2025-04-27 , /ia , 6776
2025-04-27 , /DLIndexBrowse.aspx , 6490
2025-04-27 , /browse , 6470
2025-04-27 , /namelist , 4654
2025-04-27 , /itemtext , 3950
2025-04-27 , /itemimages , 3930
2025-04-27 , / , 3479
2025-04-27 , /itemdetails , 2467
2025-04-27 , /namedetail , 2168
2025-04-27 , /pagetext , 1559
2025-04-27 , /pagenotfound , 1368
2025-04-27 , /content , 1357
2025-04-27 , /robots.txt , 1302
2025-04-28 , /pagesummary , 206650
2025-04-28 , /page , 111794
2025-04-28 , /pagethumb , 74511
2025-04-28 , /item , 61692
2025-04-28 , /creator , 43085
2025-04-28 , /bibliography , 35883
2025-04-28 , /part , 33455
2025-04-28 , /name , 33210
2025-04-28 , /api3 , 31818
2025-04-28 , /search , 16083
2025-04-28 , /namelistdownload , 15552
2025-04-28 , /subject , 14114
2025-04-28 , /itempdf , 9732
2025-04-28 , /browse , 5618
2025-04-28 , /partpdf , 5395
2025-04-28 , /namelist , 5092
2025-04-28 , / , 4801
2025-04-28 , /ia , 4683
2025-04-28 , /api2 , 4499
2025-04-28 , /itemdetails , 4068
2025-04-28 , /itemimages , 3948
2025-04-28 , /itemtext , 3569
2025-04-28 , /openurl , 2490
2025-04-28 , /content , 2483
2025-04-28 , /namedetail , 2277
2025-04-28 , /pagetext , 1711
2025-04-28 , /DLIndexBrowse.aspx , 1608
2025-04-28 , /pagenotfound , 1372
2025-04-28 , /robots.txt , 1216
2025-04-29 , /pagesummary , 214871
2025-04-29 , /page , 112635
2025-04-29 , /pagethumb , 106876
2025-04-29 , /item , 51386
2025-04-29 , /bibliography , 51039
2025-04-29 , /part , 45700
2025-04-29 , /name , 37578
2025-04-29 , /creator , 31397
2025-04-29 , /api3 , 28160
2025-04-29 , /search , 20537
2025-04-29 , /namelistdownload , 17675
2025-04-29 , /subject , 12742
2025-04-29 , /content , 8232
2025-04-29 , /itempdf , 6013
2025-04-29 , /browse , 5428
2025-04-29 , /namelist , 5421
2025-04-29 , / , 5314
2025-04-29 , /partpdf , 4892
2025-04-29 , /ia , 4184
2025-04-29 , /itemimages , 4059
2025-04-29 , /itemtext , 3674
2025-04-29 , /namedetail , 3247
2025-04-29 , /openurl , 2386
2025-04-29 , /DLIndexBrowse.aspx , 2247
2025-04-29 , /itemdetails , 2065
2025-04-29 , /pagetext , 1418
2025-04-29 , /robots.txt , 1306
2025-04-29 , /pagenotfound , 1285
2025-04-29 , /wp-includes , 1073
2025-04-29 , /wp-content , 1013
2025-04-30 , /pagesummary , 195931
2025-04-30 , /page , 111033
2025-04-30 , /pagethumb , 69972
2025-04-30 , /item , 56316
2025-04-30 , /name , 39944
2025-04-30 , /creator , 32931
2025-04-30 , /part , 32794
2025-04-30 , /bibliography , 31957
2025-04-30 , /search , 18753
2025-04-30 , /namelistdownload , 17434
2025-04-30 , /subject , 13461
2025-04-30 , /itempdf , 9014
2025-04-30 , /api3 , 8443
2025-04-30 , /itemimages , 6455
2025-04-30 , /itemtext , 6023
2025-04-30 , /namelist , 5824
2025-04-30 , /partpdf , 5816
2025-04-30 , / , 5814
2025-04-30 , /browse , 5344
2025-04-30 , /ia , 4201
2025-04-30 , /namedetail , 3089
2025-04-30 , /DLIndexBrowse.aspx , 2783
2025-04-30 , /pagetext , 2509
2025-04-30 , /openurl , 2376
2025-04-30 , /api2 , 2125
2025-04-30 , /itemdetails , 1974
2025-04-30 , /error , 1853
2025-04-30 , /content , 1521
2025-04-30 , /robots.txt , 1294
2025-04-30 , /pagenotfound , 1281
2025-04-30 , /parttext , 1092
